<?xml version="1.0" encoding="UTF-8"?>
<!-- Generated by org.testng.reporters.JUnitXMLReporter -->
<testsuite ignored="2" hostname="Hrishabh" failures="0" tests="4" name="Test" time="0.157" errors="0" timestamp="2023-10-15T00:50:54 IST">
  <testcase classname="testcases.TestNGGrouping" name="displayTest2" time="0.014"/>
  <testcase classname="testcases.TestNGGrouping" name="displayTest1" time="0.003"/>
  <testcase classname="testcases.TestNGGrouping" name="Verification" time="0.002"/>
  <testcase classname="testcases.TestNGGrouping" name="displayTest3" time="0.003"/>
  <testcase classname="testcases.TestCase1_Login" name="Login" time="0.0">
    <ignored/>
  </testcase> <!-- Login -->
  <testcase classname="testcases.TestCase1_Login2" name="Login" time="0.0">
    <ignored/>
  </testcase> <!-- Login -->
</testsuite> <!-- Test -->
